{"total": {"lines":{"total":1667,"covered":1148,"skipped":0,"pct":68.86},"statements":{"total":1854,"covered":1241,"skipped":0,"pct":66.93},"functions":{"total":587,"covered":375,"skipped":0,"pct":63.88},"branches":{"total":1572,"covered":996,"skipped":0,"pct":63.35},"branchesTrue":{"total":0,"covered":0,"skipped":0,"pct":100}}
,"C:\\Users\\ovied\\OneDrive\\Documentos\\Sistema ferreteria\\src\\App.jsx": {"lines":{"total":1,"covered":0,"skipped":0,"pct":0},"functions":{"total":1,"covered":0,"skipped":0,"pct":0},"statements":{"total":1,"covered":0,"skipped":0,"pct":0},"branches":{"total":0,"covered":0,"skipped":0,"pct":100}}
,"C:\\Users\\ovied\\OneDrive\\Documentos\\Sistema ferreteria\\src\\registrarServiceWorker.js": {"lines":{"total":4,"covered":0,"skipped":0,"pct":0},"functions":{"total":2,"covered":0,"skipped":0,"pct":0},"statements":{"total":4,"covered":0,"skipped":0,"pct":0},"branches":{"total":4,"covered":0,"skipped":0,"pct":0}}
,"C:\\Users\\ovied\\OneDrive\\Documentos\\Sistema ferreteria\\src\\components\\FormularioDeLogin.jsx": {"lines":{"total":4,"covered":3,"skipped":0,"pct":75},"functions":{"total":7,"covered":3,"skipped":0,"pct":42.85},"statements":{"total":4,"covered":3,"skipped":0,"pct":75},"branches":{"total":17,"covered":13,"skipped":0,"pct":76.47}}
,"C:\\Users\\ovied\\OneDrive\\Documentos\\Sistema ferreteria\\src\\components\\ImagenDeProducto.jsx": {"lines":{"total":30,"covered":29,"skipped":0,"pct":96.66},"functions":{"total":9,"covered":8,"skipped":0,"pct":88.88},"statements":{"total":33,"covered":31,"skipped":0,"pct":93.93},"branches":{"total":21,"covered":20,"skipped":0,"pct":95.23}}
,"C:\\Users\\ovied\\OneDrive\\Documentos\\Sistema ferreteria\\src\\components\\Navbar.jsx": {"lines":{"total":20,"covered":20,"skipped":0,"pct":100},"functions":{"total":8,"covered":8,"skipped":0,"pct":100},"statements":{"total":20,"covered":20,"skipped":0,"pct":100},"branches":{"total":10,"covered":10,"skipped":0,"pct":100}}
,"C:\\Users\\ovied\\OneDrive\\Documentos\\Sistema ferreteria\\src\\components\\documents\\ClientAutocomplete.jsx": {"lines":{"total":34,"covered":22,"skipped":0,"pct":64.7},"functions":{"total":15,"covered":7,"skipped":0,"pct":46.66},"statements":{"total":34,"covered":22,"skipped":0,"pct":64.7},"branches":{"total":32,"covered":21,"skipped":0,"pct":65.62}}
,"C:\\Users\\ovied\\OneDrive\\Documentos\\Sistema ferreteria\\src\\components\\documents\\DocumentPreviewModal.jsx": {"lines":{"total":28,"covered":5,"skipped":0,"pct":17.85},"functions":{"total":4,"covered":1,"skipped":0,"pct":25},"statements":{"total":28,"covered":5,"skipped":0,"pct":17.85},"branches":{"total":29,"covered":7,"skipped":0,"pct":24.13}}
,"C:\\Users\\ovied\\OneDrive\\Documentos\\Sistema ferreteria\\src\\context\\AuthContext.jsx": {"lines":{"total":104,"covered":97,"skipped":0,"pct":93.26},"functions":{"total":28,"covered":26,"skipped":0,"pct":92.85},"statements":{"total":115,"covered":103,"skipped":0,"pct":89.56},"branches":{"total":83,"covered":53,"skipped":0,"pct":63.85}}
,"C:\\Users\\ovied\\OneDrive\\Documentos\\Sistema ferreteria\\src\\context\\ClientsContext.jsx": {"lines":{"total":35,"covered":34,"skipped":0,"pct":97.14},"functions":{"total":13,"covered":12,"skipped":0,"pct":92.3},"statements":{"total":38,"covered":36,"skipped":0,"pct":94.73},"branches":{"total":12,"covered":8,"skipped":0,"pct":66.66}}
,"C:\\Users\\ovied\\OneDrive\\Documentos\\Sistema ferreteria\\src\\context\\ProductContext.jsx": {"lines":{"total":62,"covered":50,"skipped":0,"pct":80.64},"functions":{"total":18,"covered":11,"skipped":0,"pct":61.11},"statements":{"total":66,"covered":52,"skipped":0,"pct":78.78},"branches":{"total":20,"covered":15,"skipped":0,"pct":75}}
,"C:\\Users\\ovied\\OneDrive\\Documentos\\Sistema ferreteria\\src\\context\\QuotesContext.jsx": {"lines":{"total":39,"covered":38,"skipped":0,"pct":97.43},"functions":{"total":15,"covered":14,"skipped":0,"pct":93.33},"statements":{"total":45,"covered":42,"skipped":0,"pct":93.33},"branches":{"total":13,"covered":9,"skipped":0,"pct":69.23}}
,"C:\\Users\\ovied\\OneDrive\\Documentos\\Sistema ferreteria\\src\\context\\SalesContext.jsx": {"lines":{"total":108,"covered":104,"skipped":0,"pct":96.29},"functions":{"total":27,"covered":26,"skipped":0,"pct":96.29},"statements":{"total":115,"covered":109,"skipped":0,"pct":94.78},"branches":{"total":84,"covered":59,"skipped":0,"pct":70.23}}
,"C:\\Users\\ovied\\OneDrive\\Documentos\\Sistema ferreteria\\src\\context\\contexts.js": {"lines":{"total":5,"covered":5,"skipped":0,"pct":100},"functions":{"total":0,"covered":0,"skipped":0,"pct":100},"statements":{"total":5,"covered":5,"skipped":0,"pct":100},"branches":{"total":0,"covered":0,"skipped":0,"pct":100}}
,"C:\\Users\\ovied\\OneDrive\\Documentos\\Sistema ferreteria\\src\\context\\permissions.js": {"lines":{"total":3,"covered":3,"skipped":0,"pct":100},"functions":{"total":0,"covered":0,"skipped":0,"pct":100},"statements":{"total":3,"covered":3,"skipped":0,"pct":100},"branches":{"total":0,"covered":0,"skipped":0,"pct":100}}
,"C:\\Users\\ovied\\OneDrive\\Documentos\\Sistema ferreteria\\src\\hooks\\useAuth.js": {"lines":{"total":4,"covered":3,"skipped":0,"pct":75},"functions":{"total":1,"covered":1,"skipped":0,"pct":100},"statements":{"total":4,"covered":3,"skipped":0,"pct":75},"branches":{"total":2,"covered":1,"skipped":0,"pct":50}}
,"C:\\Users\\ovied\\OneDrive\\Documentos\\Sistema ferreteria\\src\\layouts\\MainLayout.jsx": {"lines":{"total":1,"covered":0,"skipped":0,"pct":0},"functions":{"total":1,"covered":0,"skipped":0,"pct":0},"statements":{"total":1,"covered":0,"skipped":0,"pct":0},"branches":{"total":0,"covered":0,"skipped":0,"pct":100}}
,"C:\\Users\\ovied\\OneDrive\\Documentos\\Sistema ferreteria\\src\\lib\\marcaDeSesion.js": {"lines":{"total":10,"covered":10,"skipped":0,"pct":100},"functions":{"total":5,"covered":5,"skipped":0,"pct":100},"statements":{"total":14,"covered":11,"skipped":0,"pct":78.57},"branches":{"total":8,"covered":4,"skipped":0,"pct":50}}
,"C:\\Users\\ovied\\OneDrive\\Documentos\\Sistema ferreteria\\src\\lib\\supabase.js": {"lines":{"total":7,"covered":4,"skipped":0,"pct":57.14},"functions":{"total":1,"covered":0,"skipped":0,"pct":0},"statements":{"total":7,"covered":4,"skipped":0,"pct":57.14},"branches":{"total":6,"covered":3,"skipped":0,"pct":50}}
,"C:\\Users\\ovied\\OneDrive\\Documentos\\Sistema ferreteria\\src\\lib\\api\\catalogos.js": {"lines":{"total":82,"covered":81,"skipped":0,"pct":98.78},"functions":{"total":28,"covered":28,"skipped":0,"pct":100},"statements":{"total":106,"covered":95,"skipped":0,"pct":89.62},"branches":{"total":194,"covered":176,"skipped":0,"pct":90.72}}
,"C:\\Users\\ovied\\OneDrive\\Documentos\\Sistema ferreteria\\src\\lib\\api\\cotizaciones.js": {"lines":{"total":40,"covered":34,"skipped":0,"pct":85},"functions":{"total":15,"covered":14,"skipped":0,"pct":93.33},"statements":{"total":49,"covered":37,"skipped":0,"pct":75.51},"branches":{"total":61,"covered":39,"skipped":0,"pct":63.93}}
,"C:\\Users\\ovied\\OneDrive\\Documentos\\Sistema ferreteria\\src\\lib\\api\\ventas.js": {"lines":{"total":61,"covered":52,"skipped":0,"pct":85.24},"functions":{"total":22,"covered":20,"skipped":0,"pct":90.9},"statements":{"total":78,"covered":59,"skipped":0,"pct":75.64},"branches":{"total":110,"covered":80,"skipped":0,"pct":72.72}}
,"C:\\Users\\ovied\\OneDrive\\Documentos\\Sistema ferreteria\\src\\pages\\Clients.jsx": {"lines":{"total":43,"covered":16,"skipped":0,"pct":37.2},"functions":{"total":20,"covered":7,"skipped":0,"pct":35},"statements":{"total":52,"covered":20,"skipped":0,"pct":38.46},"branches":{"total":34,"covered":18,"skipped":0,"pct":52.94}}
,"C:\\Users\\ovied\\OneDrive\\Documentos\\Sistema ferreteria\\src\\pages\\Dashboard.jsx": {"lines":{"total":27,"covered":26,"skipped":0,"pct":96.29},"functions":{"total":21,"covered":18,"skipped":0,"pct":85.71},"statements":{"total":42,"covered":39,"skipped":0,"pct":92.85},"branches":{"total":46,"covered":27,"skipped":0,"pct":58.69}}
,"C:\\Users\\ovied\\OneDrive\\Documentos\\Sistema ferreteria\\src\\pages\\Demo.jsx": {"lines":{"total":3,"covered":3,"skipped":0,"pct":100},"functions":{"total":2,"covered":2,"skipped":0,"pct":100},"statements":{"total":3,"covered":3,"skipped":0,"pct":100},"branches":{"total":0,"covered":0,"skipped":0,"pct":100}}
,"C:\\Users\\ovied\\OneDrive\\Documentos\\Sistema ferreteria\\src\\pages\\Landing.jsx": {"lines":{"total":30,"covered":0,"skipped":0,"pct":0},"functions":{"total":13,"covered":0,"skipped":0,"pct":0},"statements":{"total":38,"covered":0,"skipped":0,"pct":0},"branches":{"total":12,"covered":0,"skipped":0,"pct":0}}
,"C:\\Users\\ovied\\OneDrive\\Documentos\\Sistema ferreteria\\src\\pages\\Login.jsx": {"lines":{"total":19,"covered":19,"skipped":0,"pct":100},"functions":{"total":4,"covered":4,"skipped":0,"pct":100},"statements":{"total":20,"covered":20,"skipped":0,"pct":100},"branches":{"total":2,"covered":2,"skipped":0,"pct":100}}
,"C:\\Users\\ovied\\OneDrive\\Documentos\\Sistema ferreteria\\src\\pages\\NotFound.jsx": {"lines":{"total":2,"covered":2,"skipped":0,"pct":100},"functions":{"total":1,"covered":1,"skipped":0,"pct":100},"statements":{"total":2,"covered":2,"skipped":0,"pct":100},"branches":{"total":4,"covered":4,"skipped":0,"pct":100}}
,"C:\\Users\\ovied\\OneDrive\\Documentos\\Sistema ferreteria\\src\\pages\\POS.jsx": {"lines":{"total":199,"covered":73,"skipped":0,"pct":36.68},"functions":{"total":62,"covered":19,"skipped":0,"pct":30.64},"statements":{"total":211,"covered":78,"skipped":0,"pct":36.96},"branches":{"total":141,"covered":43,"skipped":0,"pct":30.49}}
,"C:\\Users\\ovied\\OneDrive\\Documentos\\Sistema ferreteria\\src\\pages\\Products.jsx": {"lines":{"total":51,"covered":37,"skipped":0,"pct":72.54},"functions":{"total":30,"covered":17,"skipped":0,"pct":56.66},"statements":{"total":82,"covered":51,"skipped":0,"pct":62.19},"branches":{"total":67,"covered":44,"skipped":0,"pct":65.67}}
,"C:\\Users\\ovied\\OneDrive\\Documentos\\Sistema ferreteria\\src\\pages\\Quotes.jsx": {"lines":{"total":167,"covered":60,"skipped":0,"pct":35.92},"functions":{"total":58,"covered":16,"skipped":0,"pct":27.58},"statements":{"total":174,"covered":64,"skipped":0,"pct":36.78},"branches":{"total":114,"covered":38,"skipped":0,"pct":33.33}}
,"C:\\Users\\ovied\\OneDrive\\Documentos\\Sistema ferreteria\\src\\pages\\SalesHistory.jsx": {"lines":{"total":100,"covered":67,"skipped":0,"pct":67},"functions":{"total":29,"covered":19,"skipped":0,"pct":65.51},"statements":{"total":100,"covered":67,"skipped":0,"pct":67},"branches":{"total":86,"covered":62,"skipped":0,"pct":72.09}}
,"C:\\Users\\ovied\\OneDrive\\Documentos\\Sistema ferreteria\\src\\pages\\Settings.jsx": {"lines":{"total":107,"covered":43,"skipped":0,"pct":40.18},"functions":{"total":35,"covered":11,"skipped":0,"pct":31.42},"statements":{"total":107,"covered":43,"skipped":0,"pct":40.18},"branches":{"total":105,"covered":42,"skipped":0,"pct":40}}
,"C:\\Users\\ovied\\OneDrive\\Documentos\\Sistema ferreteria\\src\\pages\\Suppliers.jsx": {"lines":{"total":38,"covered":16,"skipped":0,"pct":42.1},"functions":{"total":18,"covered":6,"skipped":0,"pct":33.33},"statements":{"total":50,"covered":19,"skipped":0,"pct":38},"branches":{"total":29,"covered":17,"skipped":0,"pct":58.62}}
,"C:\\Users\\ovied\\OneDrive\\Documentos\\Sistema ferreteria\\src\\routes\\AppRouter.jsx": {"lines":{"total":1,"covered":0,"skipped":0,"pct":0},"functions":{"total":1,"covered":0,"skipped":0,"pct":0},"statements":{"total":1,"covered":0,"skipped":0,"pct":0},"branches":{"total":0,"covered":0,"skipped":0,"pct":100}}
,"C:\\Users\\ovied\\OneDrive\\Documentos\\Sistema ferreteria\\src\\routes\\ProtectedRoute.jsx": {"lines":{"total":16,"covered":16,"skipped":0,"pct":100},"functions":{"total":4,"covered":4,"skipped":0,"pct":100},"statements":{"total":16,"covered":16,"skipped":0,"pct":100},"branches":{"total":15,"covered":14,"skipped":0,"pct":93.33}}
,"C:\\Users\\ovied\\OneDrive\\Documentos\\Sistema ferreteria\\src\\routes\\navigation.js": {"lines":{"total":1,"covered":1,"skipped":0,"pct":100},"functions":{"total":0,"covered":0,"skipped":0,"pct":100},"statements":{"total":1,"covered":1,"skipped":0,"pct":100},"branches":{"total":0,"covered":0,"skipped":0,"pct":100}}
,"C:\\Users\\ovied\\OneDrive\\Documentos\\Sistema ferreteria\\src\\utils\\cart.js": {"lines":{"total":44,"covered":44,"skipped":0,"pct":100},"functions":{"total":23,"covered":23,"skipped":0,"pct":100},"statements":{"total":46,"covered":46,"skipped":0,"pct":100},"branches":{"total":56,"covered":42,"skipped":0,"pct":75}}
,"C:\\Users\\ovied\\OneDrive\\Documentos\\Sistema ferreteria\\src\\utils\\fiscal.js": {"lines":{"total":40,"covered":39,"skipped":0,"pct":97.5},"functions":{"total":7,"covered":7,"skipped":0,"pct":100},"statements":{"total":40,"covered":39,"skipped":0,"pct":97.5},"branches":{"total":49,"covered":40,"skipped":0,"pct":81.63}}
,"C:\\Users\\ovied\\OneDrive\\Documentos\\Sistema ferreteria\\src\\utils\\format.js": {"lines":{"total":11,"covered":10,"skipped":0,"pct":90.9},"functions":{"total":5,"covered":4,"skipped":0,"pct":80},"statements":{"total":11,"covered":10,"skipped":0,"pct":90.9},"branches":{"total":7,"covered":7,"skipped":0,"pct":100}}
,"C:\\Users\\ovied\\OneDrive\\Documentos\\Sistema ferreteria\\src\\utils\\ids.js": {"lines":{"total":13,"covered":13,"skipped":0,"pct":100},"functions":{"total":5,"covered":5,"skipped":0,"pct":100},"statements":{"total":13,"covered":13,"skipped":0,"pct":100},"branches":{"total":5,"covered":5,"skipped":0,"pct":100}}
,"C:\\Users\\ovied\\OneDrive\\Documentos\\Sistema ferreteria\\src\\utils\\password.js": {"lines":{"total":4,"covered":0,"skipped":0,"pct":0},"functions":{"total":1,"covered":0,"skipped":0,"pct":0},"statements":{"total":5,"covered":0,"skipped":0,"pct":0},"branches":{"total":1,"covered":0,"skipped":0,"pct":0}}
,"C:\\Users\\ovied\\OneDrive\\Documentos\\Sistema ferreteria\\src\\utils\\quotes.js": {"lines":{"total":49,"covered":49,"skipped":0,"pct":100},"functions":{"total":17,"covered":17,"skipped":0,"pct":100},"statements":{"total":50,"covered":50,"skipped":0,"pct":100},"branches":{"total":60,"covered":47,"skipped":0,"pct":78.33}}
,"C:\\Users\\ovied\\OneDrive\\Documentos\\Sistema ferreteria\\src\\utils\\salesUtils.js": {"lines":{"total":20,"covered":20,"skipped":0,"pct":100},"functions":{"total":11,"covered":11,"skipped":0,"pct":100},"statements":{"total":20,"covered":20,"skipped":0,"pct":100},"branches":{"total":33,"covered":26,"skipped":0,"pct":78.78}}
}
